Arguments: 
  C:\Program Files\nodejs\node.exe C:\Users\Pankaj\AppData\Roaming\npm\node_modules\yarn\bin\yarn.js

PATH: 
  C:\Users\Pankaj\bin;C:\Program Files\Git\mingw64\bin;C:\Program Files\Git\usr\local\bin;C:\Program Files\Git\usr\bin;C:\Program Files\Git\usr\bin;C:\Program Files\Git\mingw64\bin;C:\Program Files\Git\usr\bin;C:\Users\Pankaj\bin;C:\Program Files (x86)\Common Files\Oracle\Java\javapath;C:\Python39\Scripts;C:\Python39;C:\WINDOWS\system32;C:\WINDOWS;C:\WINDOWS\System32\Wbem;C:\WINDOWS\System32\WindowsPowerShell\v1.0;C:\WINDOWS\System32\OpenSSH;C:\ProgramData\chocolatey\bin;C:\Program Files\Git\cmd;C:\Users\Pankaj\AppData\Roaming\nvm;C:\Program Files\nodejs;C:\Users\Pankaj\AppData\Local\Microsoft\WindowsApps;C:\Users\Pankaj\AppData\Local\Android\Sdk\platform-tools;C:\Users\Pankaj\AppData\Local\Programs\Microsoft VS Code\bin;E:\Programs\flutter\bin;C:\Users\Pankaj\AppData\Roaming\npm;C:\Program Files\MongoDB\Server\4.4\bin;C:\Program Files\heroku\bin;C:\Users\Pankaj\AppData\Roaming\nvm;C:\Program Files\nodejs;C:\Program Files\Git\usr\bin\vendor_perl;C:\Program Files\Git\usr\bin\core_perl

Yarn version: 
  1.22.10

Node version: 
  14.15.4

Platform: 
  win32 x64

Trace: 
  Error: https://registry.yarnpkg.com/@material-ui/icons/-/icons-4.11.2.tgz: ESOCKETTIMEDOUT
      at ClientRequest.<anonymous> (C:\Users\Pankaj\AppData\Roaming\npm\node_modules\yarn\lib\cli.js:141289:19)
      at Object.onceWrapper (events.js:421:28)
      at ClientRequest.emit (events.js:315:20)
      at TLSSocket.emitRequestTimeout (_http_client.js:784:9)
      at Object.onceWrapper (events.js:421:28)
      at TLSSocket.emit (events.js:327:22)
      at TLSSocket.Socket._onTimeout (net.js:483:8)
      at listOnTimeout (internal/timers.js:554:17)
      at processTimers (internal/timers.js:497:7)

npm manifest: 
  {
    "name": "whatsapp-website",
    "version": "0.1.0",
    "private": true,
    "dependencies": {
      "@material-ui/core": "^4.11.4",
      "@material-ui/icons": "^4.11.2",
      "compressorjs": "^1.0.7",
      "firebase": "^8.6.3",
      "react": "^17.0.2",
      "react-dom": "^17.0.2",
      "react-firebase-hooks": "^3.0.4",
      "react-router-dom": "^5.2.0",
      "react-scripts": "4.0.3",
      "uuid": "^8.3.2"
    },
    "scripts": {
      "start": "react-scripts start",
      "build": "react-scripts build",
      "test": "react-scripts test",
      "eject": "react-scripts eject"
    },
    "eslintConfig": {
      "extends": [
        "react-app",
        "react-app/jest"
      ]
    },
    "browserslist": {
      "production": [
        ">0.2%",
        "not dead",
        "not op_mini all"
      ],
      "development": [
        "last 1 chrome version",
        "last 1 firefox version",
        "last 1 safari version"
      ]
    }
  }

yarn manifest: 
  No manifest

Lockfile: 
  No lockfile
